<?xml version="1.0" encoding="UTF-8"?>
<!-- Generated by org.testng.reporters.JUnitReportReporter -->
<testsuite skipped="0" hostname="SUD-PC" name="com.zerobank.qa.testcases.loginpagetest" tests="1" failures="0" timestamp="2020-07-21T18:05:49 IST" time="11.310" errors="0">
  <testcase name="homepagetest" time="11.310" classname="com.zerobank.qa.testcases.loginpagetest"/>
</testsuite> <!-- com.zerobank.qa.testcases.loginpagetest -->
