<?xml version="1.0" encoding="UTF-8"?>
<!-- Generated by org.testng.reporters.JUnitReportReporter -->
<testsuite skipped="0" hostname="SUD-PC" name="com.zerobank.qa.testcases.Add_new_payee_page_test" tests="1" failures="0" timestamp="2020-09-15T15:58:21 IST" time="21.710" errors="0">
  <testcase name="TC22" time="21.710" classname="com.zerobank.qa.testcases.Add_new_payee_page_test"/>
</testsuite> <!-- com.zerobank.qa.testcases.Add_new_payee_page_test -->
