<?xml version="1.0" encoding="UTF-8"?>
<!-- Generated by org.testng.reporters.JUnitReportReporter -->
<testsuite skipped="0" hostname="SUD-PC" name="com.zerobank.qa.testcases.Purchase_currency_test" tests="1" failures="0" timestamp="2020-09-15T15:58:22 IST" time="22.129" errors="0">
  <testcase name="TC23" time="22.129" classname="com.zerobank.qa.testcases.Purchase_currency_test"/>
</testsuite> <!-- com.zerobank.qa.testcases.Purchase_currency_test -->
