<?xml version="1.0" encoding="UTF-8"?>
<!-- Generated by org.testng.reporters.JUnitReportReporter -->
<testsuite skipped="0" hostname="SUD-PC" name="com.zerobank.qa.testcases.Account_activity_page_test" tests="6" failures="0" timestamp="2020-09-15T15:58:21 IST" time="135.267" errors="0">
  <testcase name="TC13" time="21.766" classname="com.zerobank.qa.testcases.Account_activity_page_test"/>
  <testcase name="TC14" time="20.815" classname="com.zerobank.qa.testcases.Account_activity_page_test"/>
  <testcase name="TC15" time="18.893" classname="com.zerobank.qa.testcases.Account_activity_page_test"/>
  <testcase name="TC16" time="18.879" classname="com.zerobank.qa.testcases.Account_activity_page_test"/>
  <testcase name="TC17" time="32.061" classname="com.zerobank.qa.testcases.Account_activity_page_test"/>
  <testcase name="TC17_DOUBLE" time="22.853" classname="com.zerobank.qa.testcases.Account_activity_page_test"/>
</testsuite> <!-- com.zerobank.qa.testcases.Account_activity_page_test -->
