<?xml version="1.0" encoding="UTF-8"?>
<!-- Generated by org.testng.reporters.JUnitReportReporter -->
<testsuite skipped="0" hostname="SUD-PC" name="com.zerobank.qa.testcases.loginpagetest4" tests="1" failures="0" timestamp="2020-07-21T22:07:13 IST" time="33.736" errors="0">
  <testcase name="homepagetest4" time="33.736" classname="com.zerobank.qa.testcases.loginpagetest4"/>
</testsuite> <!-- com.zerobank.qa.testcases.loginpagetest4 -->
