<?xml version="1.0" encoding="UTF-8"?>
<!-- Generated by org.testng.reporters.JUnitReportReporter -->
<testsuite skipped="0" hostname="SUD-PC" name="com.zerobank.qa.testcases.TRANFER_FUNFD_PAGE_TEST" tests="1" failures="0" timestamp="2020-07-24T18:31:44 IST" time="21.394" errors="0">
  <testcase name="TC20" time="21.394" classname="com.zerobank.qa.testcases.TRANFER_FUNFD_PAGE_TEST"/>
</testsuite> <!-- com.zerobank.qa.testcases.TRANFER_FUNFD_PAGE_TEST -->
