<?xml version="1.0" encoding="UTF-8"?>
<!-- Generated by org.testng.reporters.JUnitReportReporter -->
<testsuite skipped="0" hostname="SUD-PC" name="com.zerobank.qa.testcases.LOGINPAGETEST1" tests="4" failures="0" timestamp="2020-07-22T14:21:13 IST" time="58.616" errors="0">
  <testcase name="TC2" time="15.392" classname="com.zerobank.qa.testcases.LOGINPAGETEST1"/>
  <testcase name="TC3" time="14.497" classname="com.zerobank.qa.testcases.LOGINPAGETEST1"/>
  <testcase name="TC4" time="14.322" classname="com.zerobank.qa.testcases.LOGINPAGETEST1"/>
  <testcase name="TC5" time="14.405" classname="com.zerobank.qa.testcases.LOGINPAGETEST1"/>
</testsuite> <!-- com.zerobank.qa.testcases.LOGINPAGETEST1 -->
