<?xml version="1.0" encoding="UTF-8"?>
<!-- Generated by org.testng.reporters.JUnitReportReporter -->
<testsuite skipped="0" hostname="SUD-PC" name="com.zerobank.qa.testcases.Home_page_test" tests="4" failures="0" timestamp="2020-09-15T15:58:22 IST" time="71.320" errors="0">
  <testcase name="TC2" time="17.703" classname="com.zerobank.qa.testcases.Home_page_test"/>
  <testcase name="TC3" time="15.797" classname="com.zerobank.qa.testcases.Home_page_test"/>
  <testcase name="TC4" time="16.606" classname="com.zerobank.qa.testcases.Home_page_test"/>
  <testcase name="TC5" time="21.214" classname="com.zerobank.qa.testcases.Home_page_test"/>
</testsuite> <!-- com.zerobank.qa.testcases.Home_page_test -->
