<?xml version="1.0" encoding="UTF-8"?>
<!-- Generated by org.testng.reporters.JUnitReportReporter -->
<testsuite skipped="0" hostname="SUD-PC" name="com.zerobank.qa.testcases.loginpagetest3" tests="1" failures="0" timestamp="2020-07-21T19:06:27 IST" time="17.088" errors="0">
  <testcase name="homepagetest3" time="17.088" classname="com.zerobank.qa.testcases.loginpagetest3"/>
</testsuite> <!-- com.zerobank.qa.testcases.loginpagetest3 -->
