<?xml version="1.0" encoding="UTF-8"?>
<!-- Generated by org.testng.reporters.JUnitReportReporter -->
<testsuite skipped="0" hostname="SUD-PC" name="com.zerobank.qa.testcases.loginpagetest2" tests="1" failures="0" timestamp="2020-07-21T18:12:29 IST" time="14.206" errors="0">
  <testcase name="homepagetest2" time="14.206" classname="com.zerobank.qa.testcases.loginpagetest2"/>
</testsuite> <!-- com.zerobank.qa.testcases.loginpagetest2 -->
