<?xml version="1.0" encoding="UTF-8"?>
<!-- Generated by org.testng.reporters.JUnitReportReporter -->
<testsuite skipped="0" hostname="SUD-PC" name="com.zerobank.qa.testcases.Account_summary_page_test" tests="6" failures="0" timestamp="2020-09-15T15:58:22 IST" time="110.255" errors="0">
  <testcase name="TC6" time="17.841" classname="com.zerobank.qa.testcases.Account_summary_page_test"/>
  <testcase name="TC7" time="20.348" classname="com.zerobank.qa.testcases.Account_summary_page_test"/>
  <testcase name="TC8" time="18.192" classname="com.zerobank.qa.testcases.Account_summary_page_test"/>
  <testcase name="TC9" time="18.644" classname="com.zerobank.qa.testcases.Account_summary_page_test"/>
  <testcase name="TC10" time="18.806" classname="com.zerobank.qa.testcases.Account_summary_page_test"/>
  <testcase name="TC11" time="16.424" classname="com.zerobank.qa.testcases.Account_summary_page_test"/>
</testsuite> <!-- com.zerobank.qa.testcases.Account_summary_page_test -->
