<?xml version="1.0" encoding="UTF-8"?>
<!-- Generated by org.testng.reporters.JUnitReportReporter -->
<testsuite skipped="0" hostname="SUD-PC" name="com.zerobank.qa.testcases.Pay_bills_page_test" tests="1" failures="0" timestamp="2020-09-15T15:58:22 IST" time="76.316" errors="0">
  <testcase name="TC21" time="76.316" classname="com.zerobank.qa.testcases.Pay_bills_page_test"/>
</testsuite> <!-- com.zerobank.qa.testcases.Pay_bills_page_test -->
